{"level":"info","message":"Database created or already exists","timestamp":"2024-09-23T09:17:45.504Z"}
{"level":"info","message":"Connected to the Caterorange DB","timestamp":"2024-09-23T09:17:45.530Z"}
{"level":"info","message":"Groups table created successfully","timestamp":"2024-09-23T09:17:45.546Z"}
{"level":"info","message":"Customer table created successfully","timestamp":"2024-09-23T09:17:45.548Z"}
{"level":"info","message":"Admin table created successfully","timestamp":"2024-09-23T09:17:45.550Z"}
{"level":"info","message":"Addresses table created successfully","timestamp":"2024-09-23T09:17:45.553Z"}
{"level":"info","message":"Payment table created successfully","timestamp":"2024-09-23T09:17:45.555Z"}
{"level":"info","message":"Corporate Orders table created successfully","timestamp":"2024-09-23T09:17:45.655Z"}
{"level":"info","message":"Corporate Category table created successfully","timestamp":"2024-09-23T09:17:45.656Z"}
{"level":"info","message":"Corporate Order Details table created successfully","timestamp":"2024-09-23T09:17:45.658Z"}
{"level":"info","message":"Event Orders table created successfully","timestamp":"2024-09-23T09:17:45.721Z"}
{"level":"info","message":"Event Category table created successfully","timestamp":"2024-09-23T09:17:45.724Z"}
{"level":"info","message":"Event Cart table created successfully","timestamp":"2024-09-23T09:17:45.727Z"}
{"level":"info","message":"Corporate Cart table created successfully","timestamp":"2024-09-23T09:17:45.729Z"}
{"level":"info","message":"Event Products table created successfully","timestamp":"2024-09-23T09:17:45.732Z"}
{"level":"info","message":"Tables created successfully","timestamp":"2024-09-23T09:17:45.734Z"}
{"level":"info","message":"Server is running on port 4000","timestamp":"2024-09-23T09:17:45.745Z"}
{"level":"info","message":"Database created or already exists","timestamp":"2024-09-23T09:18:46.095Z"}
{"level":"info","message":"Connected to the Caterorange DB","timestamp":"2024-09-23T09:18:46.142Z"}
{"level":"info","message":"Groups table created successfully","timestamp":"2024-09-23T09:18:46.148Z"}
{"level":"info","message":"Customer table created successfully","timestamp":"2024-09-23T09:18:46.152Z"}
{"level":"info","message":"Admin table created successfully","timestamp":"2024-09-23T09:18:46.155Z"}
{"level":"info","message":"Addresses table created successfully","timestamp":"2024-09-23T09:18:46.157Z"}
{"level":"info","message":"Payment table created successfully","timestamp":"2024-09-23T09:18:46.159Z"}
{"level":"info","message":"Corporate Orders table created successfully","timestamp":"2024-09-23T09:18:46.248Z"}
{"level":"info","message":"Corporate Category table created successfully","timestamp":"2024-09-23T09:18:46.249Z"}
{"level":"info","message":"Corporate Order Details table created successfully","timestamp":"2024-09-23T09:18:46.252Z"}
{"level":"info","message":"Event Orders table created successfully","timestamp":"2024-09-23T09:18:46.312Z"}
{"level":"info","message":"Event Category table created successfully","timestamp":"2024-09-23T09:18:46.315Z"}
{"level":"info","message":"Event Cart table created successfully","timestamp":"2024-09-23T09:18:46.318Z"}
{"level":"info","message":"Corporate Cart table created successfully","timestamp":"2024-09-23T09:18:46.321Z"}
{"level":"info","message":"Event Products table created successfully","timestamp":"2024-09-23T09:18:46.323Z"}
{"level":"info","message":"Tables created successfully","timestamp":"2024-09-23T09:18:46.324Z"}
{"level":"info","message":"Server is running on port 4000","timestamp":"2024-09-23T09:18:46.332Z"}
{"level":"info","message":"Database created or already exists","timestamp":"2024-09-23T09:19:16.696Z"}
{"level":"info","message":"Connected to the Caterorange DB","timestamp":"2024-09-23T09:19:16.741Z"}
{"level":"info","message":"Groups table created successfully","timestamp":"2024-09-23T09:19:16.747Z"}
{"level":"info","message":"Customer table created successfully","timestamp":"2024-09-23T09:19:16.753Z"}
{"level":"info","message":"Admin table created successfully","timestamp":"2024-09-23T09:19:16.756Z"}
{"level":"info","message":"Addresses table created successfully","timestamp":"2024-09-23T09:19:16.759Z"}
{"level":"info","message":"Payment table created successfully","timestamp":"2024-09-23T09:19:16.761Z"}
{"level":"info","message":"Corporate Orders table created successfully","timestamp":"2024-09-23T09:19:16.915Z"}
{"level":"info","message":"Corporate Category table created successfully","timestamp":"2024-09-23T09:19:16.918Z"}
{"level":"info","message":"Corporate Order Details table created successfully","timestamp":"2024-09-23T09:19:16.920Z"}
{"level":"info","message":"Event Orders table created successfully","timestamp":"2024-09-23T09:19:17.103Z"}
{"level":"info","message":"Event Category table created successfully","timestamp":"2024-09-23T09:19:17.107Z"}
{"level":"info","message":"Event Cart table created successfully","timestamp":"2024-09-23T09:19:17.110Z"}
{"level":"info","message":"Corporate Cart table created successfully","timestamp":"2024-09-23T09:19:17.115Z"}
{"level":"info","message":"Event Products table created successfully","timestamp":"2024-09-23T09:19:17.119Z"}
{"level":"info","message":"Tables created successfully","timestamp":"2024-09-23T09:19:17.121Z"}
{"level":"info","message":"Server is running on port 4000","timestamp":"2024-09-23T09:19:17.130Z"}
{"level":"info","message":"Database created or already exists","timestamp":"2024-09-23T09:20:18.575Z"}
{"level":"info","message":"Connected to the Caterorange DB","timestamp":"2024-09-23T09:20:18.601Z"}
{"level":"info","message":"Groups table created successfully","timestamp":"2024-09-23T09:20:18.604Z"}
{"level":"info","message":"Customer table created successfully","timestamp":"2024-09-23T09:20:18.607Z"}
{"level":"info","message":"Admin table created successfully","timestamp":"2024-09-23T09:20:18.610Z"}
{"level":"info","message":"Addresses table created successfully","timestamp":"2024-09-23T09:20:18.613Z"}
{"level":"info","message":"Payment table created successfully","timestamp":"2024-09-23T09:20:18.617Z"}
{"level":"info","message":"Corporate Orders table created successfully","timestamp":"2024-09-23T09:20:18.681Z"}
{"level":"info","message":"Corporate Category table created successfully","timestamp":"2024-09-23T09:20:18.683Z"}
{"level":"info","message":"Corporate Order Details table created successfully","timestamp":"2024-09-23T09:20:18.685Z"}
{"level":"info","message":"Event Orders table created successfully","timestamp":"2024-09-23T09:20:18.726Z"}
{"level":"info","message":"Event Category table created successfully","timestamp":"2024-09-23T09:20:18.728Z"}
{"level":"info","message":"Event Cart table created successfully","timestamp":"2024-09-23T09:20:18.731Z"}
{"level":"info","message":"Corporate Cart table created successfully","timestamp":"2024-09-23T09:20:18.734Z"}
{"level":"info","message":"Event Products table created successfully","timestamp":"2024-09-23T09:20:18.736Z"}
{"level":"info","message":"Tables created successfully","timestamp":"2024-09-23T09:20:18.736Z"}
{"level":"info","message":"Server is running on port 4000","timestamp":"2024-09-23T09:20:18.744Z"}
{"level":"info","message":"Database created or already exists","timestamp":"2024-09-23T09:20:56.642Z"}
{"level":"info","message":"Connected to the Caterorange DB","timestamp":"2024-09-23T09:20:56.765Z"}
{"level":"info","message":"Groups table created successfully","timestamp":"2024-09-23T09:20:56.770Z"}
{"level":"info","message":"Customer table created successfully","timestamp":"2024-09-23T09:20:56.776Z"}
{"level":"info","message":"Admin table created successfully","timestamp":"2024-09-23T09:20:56.780Z"}
{"level":"info","message":"Addresses table created successfully","timestamp":"2024-09-23T09:20:56.785Z"}
{"level":"info","message":"Payment table created successfully","timestamp":"2024-09-23T09:20:56.789Z"}
{"level":"info","message":"Corporate Orders table created successfully","timestamp":"2024-09-23T09:20:56.850Z"}
{"level":"info","message":"Corporate Category table created successfully","timestamp":"2024-09-23T09:20:56.852Z"}
{"level":"info","message":"Corporate Order Details table created successfully","timestamp":"2024-09-23T09:20:56.854Z"}
{"level":"info","message":"Event Orders table created successfully","timestamp":"2024-09-23T09:20:56.957Z"}
{"level":"info","message":"Event Category table created successfully","timestamp":"2024-09-23T09:20:56.959Z"}
{"level":"info","message":"Event Cart table created successfully","timestamp":"2024-09-23T09:20:56.961Z"}
{"level":"info","message":"Corporate Cart table created successfully","timestamp":"2024-09-23T09:20:56.965Z"}
{"level":"info","message":"Event Products table created successfully","timestamp":"2024-09-23T09:20:56.967Z"}
{"level":"info","message":"Tables created successfully","timestamp":"2024-09-23T09:20:56.968Z"}
{"level":"info","message":"Server is running on port 4000","timestamp":"2024-09-23T09:20:56.975Z"}
