{"filename":"app.js","level":"info","message":"Database created or already exists","timestamp":"2024-09-23T12:16:29.671Z","userId":"No GID"}
{"filename":"app.js","level":"info","message":"Connected to the Caterorange DB","timestamp":"2024-09-23T12:16:29.699Z","userId":"No GID"}
{"filename":"tableController.js","level":"info","message":"Groups table created successfully","timestamp":"2024-09-23T12:16:29.788Z","userId":"No GID"}
{"filename":"tableController.js","level":"info","message":"Customer table created successfully","timestamp":"2024-09-23T12:16:29.791Z","userId":"No GID"}
{"filename":"tableController.js","level":"info","message":"Admin table created successfully","timestamp":"2024-09-23T12:16:29.794Z","userId":"No GID"}
{"filename":"tableController.js","level":"info","message":"Addresses table created successfully","timestamp":"2024-09-23T12:16:29.797Z","userId":"No GID"}
{"filename":"tableController.js","level":"info","message":"Payment table created successfully","timestamp":"2024-09-23T12:16:29.799Z","userId":"No GID"}
{"filename":"tableController.js","level":"info","message":"Corporate Orders table created successfully","timestamp":"2024-09-23T12:16:30.217Z","userId":"No GID"}
{"filename":"tableController.js","level":"info","message":"Corporate Category table created successfully","timestamp":"2024-09-23T12:16:30.222Z","userId":"No GID"}
{"filename":"tableController.js","level":"info","message":"Corporate Order Details table created successfully","timestamp":"2024-09-23T12:16:30.226Z","userId":"No GID"}
{"filename":"tableController.js","level":"info","message":"Event Orders table created successfully","timestamp":"2024-09-23T12:16:30.327Z","userId":"No GID"}
{"filename":"tableController.js","level":"info","message":"Event Category table created successfully","timestamp":"2024-09-23T12:16:30.330Z","userId":"No GID"}
{"filename":"tableController.js","level":"info","message":"Event Cart table created successfully","timestamp":"2024-09-23T12:16:30.333Z","userId":"No GID"}
{"filename":"tableController.js","level":"info","message":"Corporate Cart table created successfully","timestamp":"2024-09-23T12:16:30.336Z","userId":"No GID"}
{"filename":"tableController.js","level":"info","message":"Event Products table created successfully","timestamp":"2024-09-23T12:16:30.339Z","userId":"No GID"}
{"filename":"app.js","level":"info","message":"Tables created successfully","timestamp":"2024-09-23T12:16:30.340Z","userId":"No GID"}
{"filename":"app.js","level":"info","message":"Server is running on port 4000","timestamp":"2024-09-23T12:16:30.349Z","userId":"No GID"}
{"filename":"app.js","level":"info","message":"Database created or already exists","timestamp":"2024-09-23T12:16:52.632Z","userId":"No "}
{"filename":"app.js","level":"info","message":"Connected to the Caterorange DB","timestamp":"2024-09-23T12:16:52.657Z","userId":"No "}
{"filename":"tableController.js","level":"info","message":"Groups table created successfully","timestamp":"2024-09-23T12:16:52.672Z","userId":"No "}
{"filename":"tableController.js","level":"info","message":"Customer table created successfully","timestamp":"2024-09-23T12:16:52.675Z","userId":"No "}
{"filename":"tableController.js","level":"info","message":"Admin table created successfully","timestamp":"2024-09-23T12:16:52.676Z","userId":"No "}
{"filename":"tableController.js","level":"info","message":"Addresses table created successfully","timestamp":"2024-09-23T12:16:52.679Z","userId":"No "}
{"filename":"tableController.js","level":"info","message":"Payment table created successfully","timestamp":"2024-09-23T12:16:52.680Z","userId":"No "}
{"filename":"tableController.js","level":"info","message":"Corporate Orders table created successfully","timestamp":"2024-09-23T12:16:52.810Z","userId":"No "}
{"filename":"tableController.js","level":"info","message":"Corporate Category table created successfully","timestamp":"2024-09-23T12:16:52.812Z","userId":"No "}
{"filename":"tableController.js","level":"info","message":"Corporate Order Details table created successfully","timestamp":"2024-09-23T12:16:52.815Z","userId":"No "}
{"filename":"tableController.js","level":"info","message":"Event Orders table created successfully","timestamp":"2024-09-23T12:16:52.900Z","userId":"No "}
{"filename":"tableController.js","level":"info","message":"Event Category table created successfully","timestamp":"2024-09-23T12:16:52.903Z","userId":"No "}
{"filename":"tableController.js","level":"info","message":"Event Cart table created successfully","timestamp":"2024-09-23T12:16:52.905Z","userId":"No "}
{"filename":"tableController.js","level":"info","message":"Corporate Cart table created successfully","timestamp":"2024-09-23T12:16:52.908Z","userId":"No "}
{"filename":"tableController.js","level":"info","message":"Event Products table created successfully","timestamp":"2024-09-23T12:16:52.910Z","userId":"No "}
{"filename":"app.js","level":"info","message":"Tables created successfully","timestamp":"2024-09-23T12:16:52.911Z","userId":"No "}
{"filename":"app.js","level":"info","message":"Server is running on port 4000","timestamp":"2024-09-23T12:16:52.919Z","userId":"No "}
{"filename":"app.js","level":"info","message":"Database created or already exists","timestamp":"2024-09-23T12:16:56.166Z","userId":"No UserId"}
{"filename":"app.js","level":"info","message":"Connected to the Caterorange DB","timestamp":"2024-09-23T12:16:56.213Z","userId":"No UserId"}
{"filename":"tableController.js","level":"info","message":"Groups table created successfully","timestamp":"2024-09-23T12:16:56.221Z","userId":"No UserId"}
{"filename":"tableController.js","level":"info","message":"Customer table created successfully","timestamp":"2024-09-23T12:16:56.224Z","userId":"No UserId"}
{"filename":"tableController.js","level":"info","message":"Admin table created successfully","timestamp":"2024-09-23T12:16:56.226Z","userId":"No UserId"}
{"filename":"tableController.js","level":"info","message":"Addresses table created successfully","timestamp":"2024-09-23T12:16:56.230Z","userId":"No UserId"}
{"filename":"tableController.js","level":"info","message":"Payment table created successfully","timestamp":"2024-09-23T12:16:56.233Z","userId":"No UserId"}
{"filename":"tableController.js","level":"info","message":"Corporate Orders table created successfully","timestamp":"2024-09-23T12:16:56.263Z","userId":"No UserId"}
{"filename":"tableController.js","level":"info","message":"Corporate Category table created successfully","timestamp":"2024-09-23T12:16:56.269Z","userId":"No UserId"}
{"filename":"tableController.js","level":"info","message":"Corporate Order Details table created successfully","timestamp":"2024-09-23T12:16:56.271Z","userId":"No UserId"}
{"filename":"tableController.js","level":"info","message":"Event Orders table created successfully","timestamp":"2024-09-23T12:16:56.295Z","userId":"No UserId"}
{"filename":"tableController.js","level":"info","message":"Event Category table created successfully","timestamp":"2024-09-23T12:16:56.299Z","userId":"No UserId"}
{"filename":"tableController.js","level":"info","message":"Event Cart table created successfully","timestamp":"2024-09-23T12:16:56.300Z","userId":"No UserId"}
{"filename":"tableController.js","level":"info","message":"Corporate Cart table created successfully","timestamp":"2024-09-23T12:16:56.302Z","userId":"No UserId"}
{"filename":"tableController.js","level":"info","message":"Event Products table created successfully","timestamp":"2024-09-23T12:16:56.307Z","userId":"No UserId"}
{"filename":"app.js","level":"info","message":"Tables created successfully","timestamp":"2024-09-23T12:16:56.308Z","userId":"No UserId"}
{"filename":"app.js","level":"info","message":"Server is running on port 4000","timestamp":"2024-09-23T12:16:56.320Z","userId":"No UserId"}
{"customer_email":"sirimani254@gmail.com","filename":"customerModels.js","level":"info","message":"Customer Token updated successfully","timestamp":"2024-09-23T12:18:02.731Z","userId":"C000002"}
{"filename":"customerController.js","level":"info","message":"Login successful through Google and token updated","timestamp":"2024-09-23T12:18:02.734Z","token":"eyJhbGciOiJIUzI1NiIsInR5cCI6IkpXVCJ9.eyJlbWFpbCI6InNpcmltYW5pMjU0QGdtYWlsLmNvbSIsImlkIjoiQzAwMDAwMiIsImlhdCI6MTcyNzA5Mzg4MiwiZXhwIjoxNzI3MTgwMjgyfQ.HK1yBnTht7450DH1mZx6aY7elBLTFbZfVEzNyXwJ8g8","userId":"C000002"}
{"filename":"categoryController.js","level":"info","message":"Fetching corporate categories...","timestamp":"2024-09-23T12:18:02.956Z","userId":"C000002"}
{"filename":"categoryModels.js","level":"info","message":"Fetching corporate categories from the database","timestamp":"2024-09-23T12:18:02.957Z","userId":"C000002"}
{"categories":[],"filename":"categoryModels.js","level":"info","message":"Corporate categories fetched successfully","timestamp":"2024-09-23T12:18:02.961Z","userId":"C000002"}
{"categories":[],"filename":"categoryController.js","level":"info","message":"Successfully fetched corporate categories","timestamp":"2024-09-23T12:18:02.962Z","userId":"C000002"}
{"filename":"categoryController.js","level":"info","message":"Fetching corporate categories...","timestamp":"2024-09-23T12:18:02.969Z","userId":"C000002"}
{"filename":"categoryModels.js","level":"info","message":"Fetching corporate categories from the database","timestamp":"2024-09-23T12:18:02.970Z","userId":"C000002"}
{"filename":"customerController.js","level":"error","message":"invalid algorithm","name":"JsonWebTokenError","timestamp":"2024-09-23T12:18:02.984Z","userId":"C000002"}
{"categories":[],"filename":"categoryModels.js","level":"info","message":"Corporate categories fetched successfully","timestamp":"2024-09-23T12:18:02.989Z","userId":"C000002"}
{"categories":[],"filename":"categoryController.js","level":"info","message":"Successfully fetched corporate categories","timestamp":"2024-09-23T12:18:02.990Z","userId":"C000002"}
{"filename":"customerController.js","level":"error","message":"invalid algorithm","name":"JsonWebTokenError","timestamp":"2024-09-23T12:18:02.999Z","userId":"C000002"}
{"filename":"app.js","level":"info","message":"Database created or already exists","timestamp":"2024-09-23T12:18:28.250Z","userId":"No userId"}
{"filename":"app.js","level":"info","message":"Connected to the Caterorange DB","timestamp":"2024-09-23T12:18:28.285Z","userId":"No userId"}
{"filename":"tableController.js","level":"info","message":"Groups table created successfully","timestamp":"2024-09-23T12:18:28.290Z","userId":"No userId"}
{"filename":"tableController.js","level":"info","message":"Customer table created successfully","timestamp":"2024-09-23T12:18:28.294Z","userId":"No userId"}
{"filename":"tableController.js","level":"info","message":"Admin table created successfully","timestamp":"2024-09-23T12:18:28.296Z","userId":"No userId"}
{"filename":"tableController.js","level":"info","message":"Addresses table created successfully","timestamp":"2024-09-23T12:18:28.298Z","userId":"No userId"}
{"filename":"tableController.js","level":"info","message":"Payment table created successfully","timestamp":"2024-09-23T12:18:28.299Z","userId":"No userId"}
{"filename":"tableController.js","level":"info","message":"Corporate Orders table created successfully","timestamp":"2024-09-23T12:18:28.614Z","userId":"No userId"}
{"filename":"tableController.js","level":"info","message":"Corporate Category table created successfully","timestamp":"2024-09-23T12:18:28.617Z","userId":"No userId"}
{"filename":"tableController.js","level":"info","message":"Corporate Order Details table created successfully","timestamp":"2024-09-23T12:18:28.620Z","userId":"No userId"}
{"filename":"tableController.js","level":"info","message":"Event Orders table created successfully","timestamp":"2024-09-23T12:18:28.847Z","userId":"No userId"}
{"filename":"tableController.js","level":"info","message":"Event Category table created successfully","timestamp":"2024-09-23T12:18:28.850Z","userId":"No userId"}
{"filename":"tableController.js","level":"info","message":"Event Cart table created successfully","timestamp":"2024-09-23T12:18:28.854Z","userId":"No userId"}
{"filename":"tableController.js","level":"info","message":"Corporate Cart table created successfully","timestamp":"2024-09-23T12:18:28.857Z","userId":"No userId"}
{"filename":"tableController.js","level":"info","message":"Event Products table created successfully","timestamp":"2024-09-23T12:18:28.861Z","userId":"No userId"}
{"filename":"app.js","level":"info","message":"Tables created successfully","timestamp":"2024-09-23T12:18:28.862Z","userId":"No userId"}
{"filename":"app.js","level":"info","message":"Server is running on port 4000","timestamp":"2024-09-23T12:18:28.875Z","userId":"No userId"}
{"filename":"app.js","level":"info","message":"Database created or already exists","timestamp":"2024-09-23T13:33:09.094Z","userId":"No userId"}
{"filename":"app.js","level":"info","message":"Connected to the Caterorange DB","timestamp":"2024-09-23T13:33:09.131Z","userId":"No userId"}
{"filename":"tableController.js","level":"info","message":"Groups table created successfully","timestamp":"2024-09-23T13:33:14.734Z","userId":"No userId"}
{"filename":"tableController.js","level":"info","message":"Customer table created successfully","timestamp":"2024-09-23T13:33:14.980Z","userId":"No userId"}
{"filename":"tableController.js","level":"info","message":"Admin table created successfully","timestamp":"2024-09-23T13:33:15.421Z","userId":"No userId"}
{"filename":"tableController.js","level":"info","message":"Addresses table created successfully","timestamp":"2024-09-23T13:33:15.990Z","userId":"No userId"}
{"filename":"tableController.js","level":"info","message":"Payment table created successfully","timestamp":"2024-09-23T13:33:16.338Z","userId":"No userId"}
{"filename":"tableController.js","level":"info","message":"Corporate Orders table created successfully","timestamp":"2024-09-23T13:33:17.453Z","userId":"No userId"}
{"filename":"tableController.js","level":"info","message":"Corporate Category table created successfully","timestamp":"2024-09-23T13:33:17.520Z","userId":"No userId"}
{"filename":"tableController.js","level":"info","message":"Corporate Order Details table created successfully","timestamp":"2024-09-23T13:33:17.566Z","userId":"No userId"}
{"filename":"tableController.js","level":"info","message":"Event Orders table created successfully","timestamp":"2024-09-23T13:33:17.642Z","userId":"No userId"}
{"filename":"tableController.js","level":"info","message":"Event Category table created successfully","timestamp":"2024-09-23T13:33:17.685Z","userId":"No userId"}
{"filename":"tableController.js","level":"info","message":"Event Cart table created successfully","timestamp":"2024-09-23T13:33:17.729Z","userId":"No userId"}
{"filename":"tableController.js","level":"info","message":"Corporate Cart table created successfully","timestamp":"2024-09-23T13:33:17.775Z","userId":"No userId"}
{"filename":"tableController.js","level":"info","message":"Event Products table created successfully","timestamp":"2024-09-23T13:33:17.897Z","userId":"No userId"}
{"filename":"app.js","level":"info","message":"Tables created successfully","timestamp":"2024-09-23T13:33:17.899Z","userId":"No userId"}
{"filename":"app.js","level":"info","message":"Server is running on port 4000","timestamp":"2024-09-23T13:33:18.009Z","userId":"No userId"}
{"filename":"app.js","level":"info","message":"Database created or already exists","timestamp":"2024-09-23T17:49:02.104Z","userId":"No userId"}
{"filename":"app.js","level":"info","message":"Connected to the Caterorange DB","timestamp":"2024-09-23T17:49:02.710Z","userId":"No userId"}
{"filename":"tableController.js","level":"info","message":"Groups table created successfully","timestamp":"2024-09-23T17:49:03.556Z","userId":"No userId"}
{"filename":"tableController.js","level":"info","message":"Customer table created successfully","timestamp":"2024-09-23T17:49:03.598Z","userId":"No userId"}
{"filename":"tableController.js","level":"info","message":"Admin table created successfully","timestamp":"2024-09-23T17:49:03.686Z","userId":"No userId"}
{"filename":"tableController.js","level":"info","message":"Addresses table created successfully","timestamp":"2024-09-23T17:49:03.776Z","userId":"No userId"}
{"filename":"tableController.js","level":"info","message":"Payment table created successfully","timestamp":"2024-09-23T17:49:03.820Z","userId":"No userId"}
{"filename":"tableController.js","level":"info","message":"Corporate Orders table created successfully","timestamp":"2024-09-23T17:49:04.986Z","userId":"No userId"}
{"filename":"tableController.js","level":"info","message":"Corporate Category table created successfully","timestamp":"2024-09-23T17:49:05.113Z","userId":"No userId"}
{"filename":"tableController.js","level":"info","message":"Corporate Order Details table created successfully","timestamp":"2024-09-23T17:49:05.187Z","userId":"No userId"}
{"filename":"tableController.js","level":"info","message":"Event Orders table created successfully","timestamp":"2024-09-23T17:49:05.308Z","userId":"No userId"}
{"filename":"tableController.js","level":"info","message":"Event Category table created successfully","timestamp":"2024-09-23T17:49:05.354Z","userId":"No userId"}
{"filename":"tableController.js","level":"info","message":"Event Cart table created successfully","timestamp":"2024-09-23T17:49:05.556Z","userId":"No userId"}
{"filename":"tableController.js","level":"info","message":"Corporate Cart table created successfully","timestamp":"2024-09-23T17:49:05.643Z","userId":"No userId"}
{"filename":"tableController.js","level":"info","message":"Event Products table created successfully","timestamp":"2024-09-23T17:49:05.687Z","userId":"No userId"}
{"filename":"app.js","level":"info","message":"Tables created successfully","timestamp":"2024-09-23T17:49:05.689Z","userId":"No userId"}
{"filename":"app.js","level":"info","message":"Server is running on port 4000","timestamp":"2024-09-23T17:49:05.991Z","userId":"No userId"}
